================================================================================
MongoDB Connection Configuration:
Using connection: Local MongoDB 💻
Connection string: mongodb://localhost:27017...
================================================================================
🔗 Connecting to Upstash Redis (HTTP)
{"level":"info","message":"🚀 Background Workers Started Successfully","timestamp":"2026-01-12T11:22:50.658Z"}
{"level":"info","message":"🛠️ Worker process is now running...","timestamp":"2026-01-12T11:22:50.750Z"}
{"code":"ECONNREFUSED","level":"error","message":"Queue Redis Connection Error:","stack":"AggregateError [ECONNREFUSED]: \n    at internalConnectMultiple (node:net:1139:18)\n    at afterConnectMultiple (node:net:1714:7)","timestamp":"2026-01-12T11:22:51.787Z"}
{"code":"ECONNREFUSED","level":"error","message":"Queue Redis Connection Error:","stack":"AggregateError [ECONNREFUSED]: \n    at internalConnectMultiple (node:net:1139:18)\n    at afterConnectMultiple (node:net:1714:7)","timestamp":"2026-01-12T11:22:52.383Z"}
{"code":"ECONNREFUSED","level":"error","message":"Queue Redis Connection Error:","stack":"AggregateError [ECONNREFUSED]: \n    at internalConnectMultiple (node:net:1139:18)\n    at afterConnectMultiple (node:net:1714:7)","timestamp":"2026-01-12T11:22:52.577Z"}
{"code":"ECONNREFUSED","level":"error","message":"Queue Redis Connection Error:","stack":"AggregateError [ECONNREFUSED]: \n    at internalConnectMultiple (node:net:1139:18)\n    at afterConnectMultiple (node:net:1714:7)","timestamp":"2026-01-12T11:22:52.847Z"}
{"code":"ECONNREFUSED","level":"error","message":"Queue Redis Connection Error:","stack":"AggregateError [ECONNREFUSED]: \n    at internalConnectMultiple (node:net:1139:18)\n    at afterConnectMultiple (node:net:1714:7)","timestamp":"2026-01-12T11:22:53.177Z"}
{"code":"ECONNREFUSED","level":"error","message":"Queue Redis Connection Error:","stack":"AggregateError [ECONNREFUSED]: \n    at internalConnectMultiple (node:net:1139:18)\n    at afterConnectMultiple (node:net:1714:7)","timestamp":"2026-01-12T11:22:53.568Z"}
{"code":"ECONNREFUSED","level":"error","message":"Queue Redis Connection Error:","stack":"AggregateError [ECONNREFUSED]: \n    at internalConnectMultiple (node:net:1139:18)\n    at afterConnectMultiple (node:net:1714:7)","timestamp":"2026-01-12T11:22:53.993Z"}
{"code":"ECONNREFUSED","level":"error","message":"Queue Redis Connection Error:","stack":"AggregateError [ECONNREFUSED]: \n    at internalConnectMultiple (node:net:1139:18)\n    at afterConnectMultiple (node:net:1714:7)","timestamp":"2026-01-12T11:22:54.522Z"}
{"code":"ECONNREFUSED","level":"error","message":"Queue Redis Connection Error:","stack":"AggregateError [ECONNREFUSED]: \n    at internalConnectMultiple (node:net:1139:18)\n    at afterConnectMultiple (node:net:1714:7)","timestamp":"2026-01-12T11:22:55.024Z"}
{"code":"ECONNREFUSED","level":"error","message":"Queue Redis Connection Error:","stack":"AggregateError [ECONNREFUSED]: \n    at internalConnectMultiple (node:net:1139:18)\n    at afterConnectMultiple (node:net:1714:7)","timestamp":"2026-01-12T11:22:55.533Z"}
{"code":"ECONNREFUSED","level":"error","message":"Queue Redis Connection Error:","stack":"AggregateError [ECONNREFUSED]: \n    at internalConnectMultiple (node:net:1139:18)\n    at afterConnectMultiple (node:net:1714:7)","timestamp":"2026-01-12T11:22:56.084Z"}
{"code":"ECONNREFUSED","level":"error","message":"Queue Redis Connection Error:","stack":"AggregateError [ECONNREFUSED]: \n    at internalConnectMultiple (node:net:1139:18)\n    at afterConnectMultiple (node:net:1714:7)","timestamp":"2026-01-12T11:22:56.704Z"}
{"code":"ECONNREFUSED","level":"error","message":"Queue Redis Connection Error:","stack":"AggregateError [ECONNREFUSED]: \n    at internalConnectMultiple (node:net:1139:18)\n    at afterConnectMultiple (node:net:1714:7)","timestamp":"2026-01-12T11:22:57.353Z"}
{"code":"ECONNREFUSED","level":"error","message":"Queue Redis Connection Error:","stack":"AggregateError [ECONNREFUSED]: \n    at internalConnectMultiple (node:net:1139:18)\n    at afterConnectMultiple (node:net:1714:7)","timestamp":"2026-01-12T11:22:58.056Z"}
{"code":"ECONNREFUSED","level":"error","message":"Queue Redis Connection Error:","stack":"AggregateError [ECONNREFUSED]: \n    at internalConnectMultiple (node:net:1139:18)\n    at afterConnectMultiple (node:net:1714:7)","timestamp":"2026-01-12T11:22:58.945Z"}
{"code":"ECONNREFUSED","level":"error","message":"Queue Redis Connection Error:","stack":"AggregateError [ECONNREFUSED]: \n    at internalConnectMultiple (node:net:1139:18)\n    at afterConnectMultiple (node:net:1714:7)","timestamp":"2026-01-12T11:22:59.917Z"}
{"code":"ECONNREFUSED","level":"error","message":"Queue Redis Connection Error:","stack":"AggregateError [ECONNREFUSED]: \n    at internalConnectMultiple (node:net:1139:18)\n    at afterConnectMultiple (node:net:1714:7)","timestamp":"2026-01-12T11:23:01.100Z"}
{"code":"ECONNREFUSED","level":"error","message":"Queue Redis Connection Error:","stack":"AggregateError [ECONNREFUSED]: \n    at internalConnectMultiple (node:net:1139:18)\n    at afterConnectMultiple (node:net:1714:7)","timestamp":"2026-01-12T11:23:03.340Z"}
{"code":"ECONNREFUSED","level":"error","message":"Queue Redis Connection Error:","stack":"AggregateError [ECONNREFUSED]: \n    at internalConnectMultiple (node:net:1139:18)\n    at afterConnectMultiple (node:net:1714:7)","timestamp":"2026-01-12T11:23:04.403Z"}
{"code":"ECONNREFUSED","level":"error","message":"Queue Redis Connection Error:","stack":"AggregateError [ECONNREFUSED]: \n    at internalConnectMultiple (node:net:1139:18)\n    at afterConnectMultiple (node:net:1714:7)","timestamp":"2026-01-12T11:23:05.853Z"}
{"code":"ECONNREFUSED","level":"error","message":"Queue Redis Connection Error:","stack":"AggregateError [ECONNREFUSED]: \n    at internalConnectMultiple (node:net:1139:18)\n    at afterConnectMultiple (node:net:1714:7)","timestamp":"2026-01-12T11:23:07.016Z"}
{"code":"ECONNREFUSED","level":"error","message":"Queue Redis Connection Error:","stack":"AggregateError [ECONNREFUSED]: \n    at internalConnectMultiple (node:net:1139:18)\n    at afterConnectMultiple (node:net:1714:7)","timestamp":"2026-01-12T11:23:08.202Z"}
{"code":"ECONNREFUSED","level":"error","message":"Queue Redis Connection Error:","stack":"AggregateError [ECONNREFUSED]: \n    at internalConnectMultiple (node:net:1139:18)\n    at afterConnectMultiple (node:net:1714:7)","timestamp":"2026-01-12T11:23:09.393Z"}
{"code":"ECONNREFUSED","level":"error","message":"Queue Redis Connection Error:","stack":"AggregateError [ECONNREFUSED]: \n    at internalConnectMultiple (node:net:1139:18)\n    at afterConnectMultiple (node:net:1714:7)","timestamp":"2026-01-12T11:23:10.633Z"}
{"code":"ECONNREFUSED","level":"error","message":"Queue Redis Connection Error:","stack":"AggregateError [ECONNREFUSED]: \n    at internalConnectMultiple (node:net:1139:18)\n    at afterConnectMultiple (node:net:1714:7)","timestamp":"2026-01-12T11:23:12.397Z"}
{"code":"ECONNREFUSED","level":"error","message":"Queue Redis Connection Error:","stack":"AggregateError [ECONNREFUSED]: \n    at internalConnectMultiple (node:net:1139:18)\n    at afterConnectMultiple (node:net:1714:7)","timestamp":"2026-01-12T11:23:14.237Z"}
{"code":"ECONNREFUSED","level":"error","message":"Queue Redis Connection Error:","stack":"AggregateError [ECONNREFUSED]: \n    at internalConnectMultiple (node:net:1139:18)\n    at afterConnectMultiple (node:net:1714:7)","timestamp":"2026-01-12T11:23:15.782Z"}
{"code":"ECONNREFUSED","level":"error","message":"Queue Redis Connection Error:","stack":"AggregateError [ECONNREFUSED]: \n    at internalConnectMultiple (node:net:1139:18)\n    at afterConnectMultiple (node:net:1714:7)","timestamp":"2026-01-12T11:23:17.284Z"}
{"code":"ECONNREFUSED","level":"error","message":"Queue Redis Connection Error:","stack":"AggregateError [ECONNREFUSED]: \n    at internalConnectMultiple (node:net:1139:18)\n    at afterConnectMultiple (node:net:1714:7)","timestamp":"2026-01-12T11:23:18.786Z"}
{"code":"ECONNREFUSED","level":"error","message":"Queue Redis Connection Error:","stack":"AggregateError [ECONNREFUSED]: \n    at internalConnectMultiple (node:net:1139:18)\n    at afterConnectMultiple (node:net:1714:7)","timestamp":"2026-01-12T11:23:20.373Z"}
{"code":"ECONNREFUSED","level":"error","message":"Queue Redis Connection Error:","stack":"AggregateError [ECONNREFUSED]: \n    at internalConnectMultiple (node:net:1139:18)\n    at afterConnectMultiple (node:net:1714:7)","timestamp":"2026-01-12T11:23:22.223Z"}
{"code":"ECONNREFUSED","level":"error","message":"Queue Redis Connection Error:","stack":"AggregateError [ECONNREFUSED]: \n    at internalConnectMultiple (node:net:1139:18)\n    at afterConnectMultiple (node:net:1714:7)","timestamp":"2026-01-12T11:23:24.170Z"}
{"code":"ECONNREFUSED","level":"error","message":"Queue Redis Connection Error:","stack":"AggregateError [ECONNREFUSED]: \n    at internalConnectMultiple (node:net:1139:18)\n    at afterConnectMultiple (node:net:1714:7)","timestamp":"2026-01-12T11:23:25.821Z"}
{"code":"ECONNREFUSED","level":"error","message":"Queue Redis Connection Error:","stack":"AggregateError [ECONNREFUSED]: \n    at internalConnectMultiple (node:net:1139:18)\n    at afterConnectMultiple (node:net:1714:7)","timestamp":"2026-01-12T11:23:27.570Z"}
{"code":"ECONNREFUSED","level":"error","message":"Queue Redis Connection Error:","stack":"AggregateError [ECONNREFUSED]: \n    at internalConnectMultiple (node:net:1139:18)\n    at afterConnectMultiple (node:net:1714:7)","timestamp":"2026-01-12T11:23:29.324Z"}
{"code":"ECONNREFUSED","level":"error","message":"Queue Redis Connection Error:","stack":"AggregateError [ECONNREFUSED]: \n    at internalConnectMultiple (node:net:1139:18)\n    at afterConnectMultiple (node:net:1714:7)","timestamp":"2026-01-12T11:23:31.102Z"}
{"code":"ECONNREFUSED","level":"error","message":"Queue Redis Connection Error:","stack":"AggregateError [ECONNREFUSED]: \n    at internalConnectMultiple (node:net:1139:18)\n    at afterConnectMultiple (node:net:1714:7)","timestamp":"2026-01-12T11:23:33.191Z"}
{"code":"ECONNREFUSED","level":"error","message":"Queue Redis Connection Error:","stack":"AggregateError [ECONNREFUSED]: \n    at internalConnectMultiple (node:net:1139:18)\n    at afterConnectMultiple (node:net:1714:7)","timestamp":"2026-01-12T11:23:35.097Z"}
{"code":"ECONNREFUSED","level":"error","message":"Queue Redis Connection Error:","stack":"AggregateError [ECONNREFUSED]: \n    at internalConnectMultiple (node:net:1139:18)\n    at afterConnectMultiple (node:net:1714:7)","timestamp":"2026-01-12T11:23:37.096Z"}
{"code":"ECONNREFUSED","level":"error","message":"Queue Redis Connection Error:","stack":"AggregateError [ECONNREFUSED]: \n    at internalConnectMultiple (node:net:1139:18)\n    at afterConnectMultiple (node:net:1714:7)","timestamp":"2026-01-12T11:23:39.150Z"}
{"code":"ECONNREFUSED","level":"error","message":"Queue Redis Connection Error:","stack":"AggregateError [ECONNREFUSED]: \n    at internalConnectMultiple (node:net:1139:18)\n    at afterConnectMultiple (node:net:1714:7)","timestamp":"2026-01-12T11:23:41.201Z"}
{"code":"ECONNREFUSED","level":"error","message":"Queue Redis Connection Error:","stack":"AggregateError [ECONNREFUSED]: \n    at internalConnectMultiple (node:net:1139:18)\n    at afterConnectMultiple (node:net:1714:7)","timestamp":"2026-01-12T11:23:43.223Z"}
{"code":"ECONNREFUSED","level":"error","message":"Queue Redis Connection Error:","stack":"AggregateError [ECONNREFUSED]: \n    at internalConnectMultiple (node:net:1139:18)\n    at afterConnectMultiple (node:net:1714:7)","timestamp":"2026-01-12T11:23:45.250Z"}
{"code":"ECONNREFUSED","level":"error","message":"Queue Redis Connection Error:","stack":"AggregateError [ECONNREFUSED]: \n    at internalConnectMultiple (node:net:1139:18)\n    at afterConnectMultiple (node:net:1714:7)","timestamp":"2026-01-12T11:23:47.273Z"}
{"code":"ECONNREFUSED","level":"error","message":"Queue Redis Connection Error:","stack":"AggregateError [ECONNREFUSED]: \n    at internalConnectMultiple (node:net:1139:18)\n    at afterConnectMultiple (node:net:1714:7)","timestamp":"2026-01-12T11:23:49.286Z"}
{"code":"ECONNREFUSED","level":"error","message":"Queue Redis Connection Error:","stack":"AggregateError [ECONNREFUSED]: \n    at internalConnectMultiple (node:net:1139:18)\n    at afterConnectMultiple (node:net:1714:7)","timestamp":"2026-01-12T11:23:51.293Z"}
{"code":"ECONNREFUSED","level":"error","message":"Queue Redis Connection Error:","stack":"AggregateError [ECONNREFUSED]: \n    at internalConnectMultiple (node:net:1139:18)\n    at afterConnectMultiple (node:net:1714:7)","timestamp":"2026-01-12T11:23:53.307Z"}
{"code":"ECONNREFUSED","level":"error","message":"Queue Redis Connection Error:","stack":"AggregateError [ECONNREFUSED]: \n    at internalConnectMultiple (node:net:1139:18)\n    at afterConnectMultiple (node:net:1714:7)","timestamp":"2026-01-12T11:23:55.328Z"}
{"code":"ECONNREFUSED","level":"error","message":"Queue Redis Connection Error:","stack":"AggregateError [ECONNREFUSED]: \n    at internalConnectMultiple (node:net:1139:18)\n    at afterConnectMultiple (node:net:1714:7)","timestamp":"2026-01-12T11:23:57.338Z"}
{"code":"ECONNREFUSED","level":"error","message":"Queue Redis Connection Error:","stack":"AggregateError [ECONNREFUSED]: \n    at internalConnectMultiple (node:net:1139:18)\n    at afterConnectMultiple (node:net:1714:7)","timestamp":"2026-01-12T11:23:59.357Z"}
{"code":"ECONNREFUSED","level":"error","message":"Queue Redis Connection Error:","stack":"AggregateError [ECONNREFUSED]: \n    at internalConnectMultiple (node:net:1139:18)\n    at afterConnectMultiple (node:net:1714:7)","timestamp":"2026-01-12T11:24:01.376Z"}
{"code":"ECONNREFUSED","level":"error","message":"Queue Redis Connection Error:","stack":"AggregateError [ECONNREFUSED]: \n    at internalConnectMultiple (node:net:1139:18)\n    at afterConnectMultiple (node:net:1714:7)","timestamp":"2026-01-12T11:24:03.384Z"}
{"code":"ECONNREFUSED","level":"error","message":"Queue Redis Connection Error:","stack":"AggregateError [ECONNREFUSED]: \n    at internalConnectMultiple (node:net:1139:18)\n    at afterConnectMultiple (node:net:1714:7)","timestamp":"2026-01-12T11:24:05.391Z"}
{"code":"ECONNREFUSED","level":"error","message":"Queue Redis Connection Error:","stack":"AggregateError [ECONNREFUSED]: \n    at internalConnectMultiple (node:net:1139:18)\n    at afterConnectMultiple (node:net:1714:7)","timestamp":"2026-01-12T11:24:07.416Z"}
{"code":"ECONNREFUSED","level":"error","message":"Queue Redis Connection Error:","stack":"AggregateError [ECONNREFUSED]: \n    at internalConnectMultiple (node:net:1139:18)\n    at afterConnectMultiple (node:net:1714:7)","timestamp":"2026-01-12T11:24:09.438Z"}
{"code":"ECONNREFUSED","level":"error","message":"Queue Redis Connection Error:","stack":"AggregateError [ECONNREFUSED]: \n    at internalConnectMultiple (node:net:1139:18)\n    at afterConnectMultiple (node:net:1714:7)","timestamp":"2026-01-12T11:24:11.453Z"}
{"code":"ECONNREFUSED","level":"error","message":"Queue Redis Connection Error:","stack":"AggregateError [ECONNREFUSED]: \n    at internalConnectMultiple (node:net:1139:18)\n    at afterConnectMultiple (node:net:1714:7)","timestamp":"2026-01-12T11:24:13.469Z"}
{"code":"ECONNREFUSED","level":"error","message":"Queue Redis Connection Error:","stack":"AggregateError [ECONNREFUSED]: \n    at internalConnectMultiple (node:net:1139:18)\n    at afterConnectMultiple (node:net:1714:7)","timestamp":"2026-01-12T11:24:15.475Z"}
{"code":"ECONNREFUSED","level":"error","message":"Queue Redis Connection Error:","stack":"AggregateError [ECONNREFUSED]: \n    at internalConnectMultiple (node:net:1139:18)\n    at afterConnectMultiple (node:net:1714:7)","timestamp":"2026-01-12T11:24:17.484Z"}
{"code":"ECONNREFUSED","level":"error","message":"Queue Redis Connection Error:","stack":"AggregateError [ECONNREFUSED]: \n    at internalConnectMultiple (node:net:1139:18)\n    at afterConnectMultiple (node:net:1714:7)","timestamp":"2026-01-12T11:24:19.496Z"}
{"code":"ECONNREFUSED","level":"error","message":"Queue Redis Connection Error:","stack":"AggregateError [ECONNREFUSED]: \n    at internalConnectMultiple (node:net:1139:18)\n    at afterConnectMultiple (node:net:1714:7)","timestamp":"2026-01-12T11:24:21.507Z"}
{"code":"ECONNREFUSED","level":"error","message":"Queue Redis Connection Error:","stack":"AggregateError [ECONNREFUSED]: \n    at internalConnectMultiple (node:net:1139:18)\n    at afterConnectMultiple (node:net:1714:7)","timestamp":"2026-01-12T11:24:23.514Z"}
{"code":"ECONNREFUSED","level":"error","message":"Queue Redis Connection Error:","stack":"AggregateError [ECONNREFUSED]: \n    at internalConnectMultiple (node:net:1139:18)\n    at afterConnectMultiple (node:net:1714:7)","timestamp":"2026-01-12T11:24:25.526Z"}
{"code":"ECONNREFUSED","level":"error","message":"Queue Redis Connection Error:","stack":"AggregateError [ECONNREFUSED]: \n    at internalConnectMultiple (node:net:1139:18)\n    at afterConnectMultiple (node:net:1714:7)","timestamp":"2026-01-12T11:24:27.543Z"}
{"code":"ECONNREFUSED","level":"error","message":"Queue Redis Connection Error:","stack":"AggregateError [ECONNREFUSED]: \n    at internalConnectMultiple (node:net:1139:18)\n    at afterConnectMultiple (node:net:1714:7)","timestamp":"2026-01-12T11:24:29.554Z"}
{"code":"ECONNREFUSED","level":"error","message":"Queue Redis Connection Error:","stack":"AggregateError [ECONNREFUSED]: \n    at internalConnectMultiple (node:net:1139:18)\n    at afterConnectMultiple (node:net:1714:7)","timestamp":"2026-01-12T11:24:31.573Z"}
{"code":"ECONNREFUSED","level":"error","message":"Queue Redis Connection Error:","stack":"AggregateError [ECONNREFUSED]: \n    at internalConnectMultiple (node:net:1139:18)\n    at afterConnectMultiple (node:net:1714:7)","timestamp":"2026-01-12T11:24:33.582Z"}
{"code":"ECONNREFUSED","level":"error","message":"Queue Redis Connection Error:","stack":"AggregateError [ECONNREFUSED]: \n    at internalConnectMultiple (node:net:1139:18)\n    at afterConnectMultiple (node:net:1714:7)","timestamp":"2026-01-12T11:24:35.595Z"}
{"code":"ECONNREFUSED","level":"error","message":"Queue Redis Connection Error:","stack":"AggregateError [ECONNREFUSED]: \n    at internalConnectMultiple (node:net:1139:18)\n    at afterConnectMultiple (node:net:1714:7)","timestamp":"2026-01-12T11:24:37.602Z"}
{"code":"ECONNREFUSED","level":"error","message":"Queue Redis Connection Error:","stack":"AggregateError [ECONNREFUSED]: \n    at internalConnectMultiple (node:net:1139:18)\n    at afterConnectMultiple (node:net:1714:7)","timestamp":"2026-01-12T11:24:39.616Z"}
{"code":"ECONNREFUSED","level":"error","message":"Queue Redis Connection Error:","stack":"AggregateError [ECONNREFUSED]: \n    at internalConnectMultiple (node:net:1139:18)\n    at afterConnectMultiple (node:net:1714:7)","timestamp":"2026-01-12T11:24:41.637Z"}
{"code":"ECONNREFUSED","level":"error","message":"Queue Redis Connection Error:","stack":"AggregateError [ECONNREFUSED]: \n    at internalConnectMultiple (node:net:1139:18)\n    at afterConnectMultiple (node:net:1714:7)","timestamp":"2026-01-12T11:24:43.646Z"}
{"code":"ECONNREFUSED","level":"error","message":"Queue Redis Connection Error:","stack":"AggregateError [ECONNREFUSED]: \n    at internalConnectMultiple (node:net:1139:18)\n    at afterConnectMultiple (node:net:1714:7)","timestamp":"2026-01-12T11:24:45.665Z"}
{"code":"ECONNREFUSED","level":"error","message":"Queue Redis Connection Error:","stack":"AggregateError [ECONNREFUSED]: \n    at internalConnectMultiple (node:net:1139:18)\n    at afterConnectMultiple (node:net:1714:7)","timestamp":"2026-01-12T11:24:47.681Z"}
{"code":"ECONNREFUSED","level":"error","message":"Queue Redis Connection Error:","stack":"AggregateError [ECONNREFUSED]: \n    at internalConnectMultiple (node:net:1139:18)\n    at afterConnectMultiple (node:net:1714:7)","timestamp":"2026-01-12T11:24:49.706Z"}
{"code":"ECONNREFUSED","level":"error","message":"Queue Redis Connection Error:","stack":"AggregateError [ECONNREFUSED]: \n    at internalConnectMultiple (node:net:1139:18)\n    at afterConnectMultiple (node:net:1714:7)","timestamp":"2026-01-12T11:24:51.747Z"}
{"code":"ECONNREFUSED","level":"error","message":"Queue Redis Connection Error:","stack":"AggregateError [ECONNREFUSED]: \n    at internalConnectMultiple (node:net:1139:18)\n    at afterConnectMultiple (node:net:1714:7)","timestamp":"2026-01-12T11:24:53.756Z"}
{"code":"ECONNREFUSED","level":"error","message":"Queue Redis Connection Error:","stack":"AggregateError [ECONNREFUSED]: \n    at internalConnectMultiple (node:net:1139:18)\n    at afterConnectMultiple (node:net:1714:7)","timestamp":"2026-01-12T11:24:55.779Z"}
{"code":"ECONNREFUSED","level":"error","message":"Queue Redis Connection Error:","stack":"AggregateError [ECONNREFUSED]: \n    at internalConnectMultiple (node:net:1139:18)\n    at afterConnectMultiple (node:net:1714:7)","timestamp":"2026-01-12T11:24:57.797Z"}
{"code":"ECONNREFUSED","level":"error","message":"Queue Redis Connection Error:","stack":"AggregateError [ECONNREFUSED]: \n    at internalConnectMultiple (node:net:1139:18)\n    at afterConnectMultiple (node:net:1714:7)","timestamp":"2026-01-12T11:24:59.803Z"}
{"code":"ECONNREFUSED","level":"error","message":"Queue Redis Connection Error:","stack":"AggregateError [ECONNREFUSED]: \n    at internalConnectMultiple (node:net:1139:18)\n    at afterConnectMultiple (node:net:1714:7)","timestamp":"2026-01-12T11:25:01.816Z"}
{"code":"ECONNREFUSED","level":"error","message":"Queue Redis Connection Error:","stack":"AggregateError [ECONNREFUSED]: \n    at internalConnectMultiple (node:net:1139:18)\n    at afterConnectMultiple (node:net:1714:7)","timestamp":"2026-01-12T11:25:03.828Z"}
{"code":"ECONNREFUSED","level":"error","message":"Queue Redis Connection Error:","stack":"AggregateError [ECONNREFUSED]: \n    at internalConnectMultiple (node:net:1139:18)\n    at afterConnectMultiple (node:net:1714:7)","timestamp":"2026-01-12T11:25:05.834Z"}
{"code":"ECONNREFUSED","level":"error","message":"Queue Redis Connection Error:","stack":"AggregateError [ECONNREFUSED]: \n    at internalConnectMultiple (node:net:1139:18)\n    at afterConnectMultiple (node:net:1714:7)","timestamp":"2026-01-12T11:25:07.840Z"}
{"code":"ECONNREFUSED","level":"error","message":"Queue Redis Connection Error:","stack":"AggregateError [ECONNREFUSED]: \n    at internalConnectMultiple (node:net:1139:18)\n    at afterConnectMultiple (node:net:1714:7)","timestamp":"2026-01-12T11:25:09.852Z"}
{"code":"ECONNREFUSED","level":"error","message":"Queue Redis Connection Error:","stack":"AggregateError [ECONNREFUSED]: \n    at internalConnectMultiple (node:net:1139:18)\n    at afterConnectMultiple (node:net:1714:7)","timestamp":"2026-01-12T11:25:11.872Z"}
{"code":"ECONNREFUSED","level":"error","message":"Queue Redis Connection Error:","stack":"AggregateError [ECONNREFUSED]: \n    at internalConnectMultiple (node:net:1139:18)\n    at afterConnectMultiple (node:net:1714:7)","timestamp":"2026-01-12T11:25:13.886Z"}
{"code":"ECONNREFUSED","level":"error","message":"Queue Redis Connection Error:","stack":"AggregateError [ECONNREFUSED]: \n    at internalConnectMultiple (node:net:1139:18)\n    at afterConnectMultiple (node:net:1714:7)","timestamp":"2026-01-12T11:25:15.893Z"}
{"code":"ECONNREFUSED","level":"error","message":"Queue Redis Connection Error:","stack":"AggregateError [ECONNREFUSED]: \n    at internalConnectMultiple (node:net:1139:18)\n    at afterConnectMultiple (node:net:1714:7)","timestamp":"2026-01-12T11:25:17.900Z"}
{"code":"ECONNREFUSED","level":"error","message":"Queue Redis Connection Error:","stack":"AggregateError [ECONNREFUSED]: \n    at internalConnectMultiple (node:net:1139:18)\n    at afterConnectMultiple (node:net:1714:7)","timestamp":"2026-01-12T11:25:19.916Z"}
{"code":"ECONNREFUSED","level":"error","message":"Queue Redis Connection Error:","stack":"AggregateError [ECONNREFUSED]: \n    at internalConnectMultiple (node:net:1139:18)\n    at afterConnectMultiple (node:net:1714:7)","timestamp":"2026-01-12T11:25:21.934Z"}
{"code":"ECONNREFUSED","level":"error","message":"Queue Redis Connection Error:","stack":"AggregateError [ECONNREFUSED]: \n    at internalConnectMultiple (node:net:1139:18)\n    at afterConnectMultiple (node:net:1714:7)","timestamp":"2026-01-12T11:25:23.943Z"}
{"code":"ECONNREFUSED","level":"error","message":"Queue Redis Connection Error:","stack":"AggregateError [ECONNREFUSED]: \n    at internalConnectMultiple (node:net:1139:18)\n    at afterConnectMultiple (node:net:1714:7)","timestamp":"2026-01-12T11:25:25.950Z"}
{"code":"ECONNREFUSED","level":"error","message":"Queue Redis Connection Error:","stack":"AggregateError [ECONNREFUSED]: \n    at internalConnectMultiple (node:net:1139:18)\n    at afterConnectMultiple (node:net:1714:7)","timestamp":"2026-01-12T11:25:27.964Z"}
{"code":"ECONNREFUSED","level":"error","message":"Queue Redis Connection Error:","stack":"AggregateError [ECONNREFUSED]: \n    at internalConnectMultiple (node:net:1139:18)\n    at afterConnectMultiple (node:net:1714:7)","timestamp":"2026-01-12T11:25:29.976Z"}
{"code":"ECONNREFUSED","level":"error","message":"Queue Redis Connection Error:","stack":"AggregateError [ECONNREFUSED]: \n    at internalConnectMultiple (node:net:1139:18)\n    at afterConnectMultiple (node:net:1714:7)","timestamp":"2026-01-12T11:25:32.002Z"}
{"code":"ECONNREFUSED","level":"error","message":"Queue Redis Connection Error:","stack":"AggregateError [ECONNREFUSED]: \n    at internalConnectMultiple (node:net:1139:18)\n    at afterConnectMultiple (node:net:1714:7)","timestamp":"2026-01-12T11:25:34.007Z"}
{"code":"ECONNREFUSED","level":"error","message":"Queue Redis Connection Error:","stack":"AggregateError [ECONNREFUSED]: \n    at internalConnectMultiple (node:net:1139:18)\n    at afterConnectMultiple (node:net:1714:7)","timestamp":"2026-01-12T11:25:36.016Z"}
{"code":"ECONNREFUSED","level":"error","message":"Queue Redis Connection Error:","stack":"AggregateError [ECONNREFUSED]: \n    at internalConnectMultiple (node:net:1139:18)\n    at afterConnectMultiple (node:net:1714:7)","timestamp":"2026-01-12T11:25:38.034Z"}
{"code":"ECONNREFUSED","level":"error","message":"Queue Redis Connection Error:","stack":"AggregateError [ECONNREFUSED]: \n    at internalConnectMultiple (node:net:1139:18)\n    at afterConnectMultiple (node:net:1714:7)","timestamp":"2026-01-12T11:25:40.053Z"}
{"code":"ECONNREFUSED","level":"error","message":"Queue Redis Connection Error:","stack":"AggregateError [ECONNREFUSED]: \n    at internalConnectMultiple (node:net:1139:18)\n    at afterConnectMultiple (node:net:1714:7)","timestamp":"2026-01-12T11:25:42.071Z"}
{"code":"ECONNREFUSED","level":"error","message":"Queue Redis Connection Error:","stack":"AggregateError [ECONNREFUSED]: \n    at internalConnectMultiple (node:net:1139:18)\n    at afterConnectMultiple (node:net:1714:7)","timestamp":"2026-01-12T11:25:44.089Z"}
{"code":"ECONNREFUSED","level":"error","message":"Queue Redis Connection Error:","stack":"AggregateError [ECONNREFUSED]: \n    at internalConnectMultiple (node:net:1139:18)\n    at afterConnectMultiple (node:net:1714:7)","timestamp":"2026-01-12T11:25:46.097Z"}
{"code":"ECONNREFUSED","level":"error","message":"Queue Redis Connection Error:","stack":"AggregateError [ECONNREFUSED]: \n    at internalConnectMultiple (node:net:1139:18)\n    at afterConnectMultiple (node:net:1714:7)","timestamp":"2026-01-12T11:25:48.102Z"}
{"code":"ECONNREFUSED","level":"error","message":"Queue Redis Connection Error:","stack":"AggregateError [ECONNREFUSED]: \n    at internalConnectMultiple (node:net:1139:18)\n    at afterConnectMultiple (node:net:1714:7)","timestamp":"2026-01-12T11:25:50.109Z"}
{"code":"ECONNREFUSED","level":"error","message":"Queue Redis Connection Error:","stack":"AggregateError [ECONNREFUSED]: \n    at internalConnectMultiple (node:net:1139:18)\n    at afterConnectMultiple (node:net:1714:7)","timestamp":"2026-01-12T11:25:52.119Z"}
{"code":"ECONNREFUSED","level":"error","message":"Queue Redis Connection Error:","stack":"AggregateError [ECONNREFUSED]: \n    at internalConnectMultiple (node:net:1139:18)\n    at afterConnectMultiple (node:net:1714:7)","timestamp":"2026-01-12T11:25:54.130Z"}
{"code":"ECONNREFUSED","level":"error","message":"Queue Redis Connection Error:","stack":"AggregateError [ECONNREFUSED]: \n    at internalConnectMultiple (node:net:1139:18)\n    at afterConnectMultiple (node:net:1714:7)","timestamp":"2026-01-12T11:25:56.165Z"}
{"code":"ECONNREFUSED","level":"error","message":"Queue Redis Connection Error:","stack":"AggregateError [ECONNREFUSED]: \n    at internalConnectMultiple (node:net:1139:18)\n    at afterConnectMultiple (node:net:1714:7)","timestamp":"2026-01-12T11:25:58.174Z"}
{"code":"ECONNREFUSED","level":"error","message":"Queue Redis Connection Error:","stack":"AggregateError [ECONNREFUSED]: \n    at internalConnectMultiple (node:net:1139:18)\n    at afterConnectMultiple (node:net:1714:7)","timestamp":"2026-01-12T11:26:00.192Z"}
{"code":"ECONNREFUSED","level":"error","message":"Queue Redis Connection Error:","stack":"AggregateError [ECONNREFUSED]: \n    at internalConnectMultiple (node:net:1139:18)\n    at afterConnectMultiple (node:net:1714:7)","timestamp":"2026-01-12T11:26:02.215Z"}
{"code":"ECONNREFUSED","level":"error","message":"Queue Redis Connection Error:","stack":"AggregateError [ECONNREFUSED]: \n    at internalConnectMultiple (node:net:1139:18)\n    at afterConnectMultiple (node:net:1714:7)","timestamp":"2026-01-12T11:26:04.244Z"}
{"code":"ECONNREFUSED","level":"error","message":"Queue Redis Connection Error:","stack":"AggregateError [ECONNREFUSED]: \n    at internalConnectMultiple (node:net:1139:18)\n    at afterConnectMultiple (node:net:1714:7)","timestamp":"2026-01-12T11:26:06.253Z"}
{"code":"ECONNREFUSED","level":"error","message":"Queue Redis Connection Error:","stack":"AggregateError [ECONNREFUSED]: \n    at internalConnectMultiple (node:net:1139:18)\n    at afterConnectMultiple (node:net:1714:7)","timestamp":"2026-01-12T11:26:08.263Z"}
{"code":"ECONNREFUSED","level":"error","message":"Queue Redis Connection Error:","stack":"AggregateError [ECONNREFUSED]: \n    at internalConnectMultiple (node:net:1139:18)\n    at afterConnectMultiple (node:net:1714:7)","timestamp":"2026-01-12T11:26:10.285Z"}
{"code":"ECONNREFUSED","level":"error","message":"Queue Redis Connection Error:","stack":"AggregateError [ECONNREFUSED]: \n    at internalConnectMultiple (node:net:1139:18)\n    at afterConnectMultiple (node:net:1714:7)","timestamp":"2026-01-12T11:26:12.304Z"}
{"code":"ECONNREFUSED","level":"error","message":"Queue Redis Connection Error:","stack":"AggregateError [ECONNREFUSED]: \n    at internalConnectMultiple (node:net:1139:18)\n    at afterConnectMultiple (node:net:1714:7)","timestamp":"2026-01-12T11:26:14.324Z"}
{"code":"ECONNREFUSED","level":"error","message":"Queue Redis Connection Error:","stack":"AggregateError [ECONNREFUSED]: \n    at internalConnectMultiple (node:net:1139:18)\n    at afterConnectMultiple (node:net:1714:7)","timestamp":"2026-01-12T11:26:16.344Z"}
{"code":"ECONNREFUSED","level":"error","message":"Queue Redis Connection Error:","stack":"AggregateError [ECONNREFUSED]: \n    at internalConnectMultiple (node:net:1139:18)\n    at afterConnectMultiple (node:net:1714:7)","timestamp":"2026-01-12T11:26:18.355Z"}
{"code":"ECONNREFUSED","level":"error","message":"Queue Redis Connection Error:","stack":"AggregateError [ECONNREFUSED]: \n    at internalConnectMultiple (node:net:1139:18)\n    at afterConnectMultiple (node:net:1714:7)","timestamp":"2026-01-12T11:26:20.374Z"}
{"code":"ECONNREFUSED","level":"error","message":"Queue Redis Connection Error:","stack":"AggregateError [ECONNREFUSED]: \n    at internalConnectMultiple (node:net:1139:18)\n    at afterConnectMultiple (node:net:1714:7)","timestamp":"2026-01-12T11:26:22.386Z"}
{"code":"ECONNREFUSED","level":"error","message":"Queue Redis Connection Error:","stack":"AggregateError [ECONNREFUSED]: \n    at internalConnectMultiple (node:net:1139:18)\n    at afterConnectMultiple (node:net:1714:7)","timestamp":"2026-01-12T11:26:24.397Z"}
{"code":"ECONNREFUSED","level":"error","message":"Queue Redis Connection Error:","stack":"AggregateError [ECONNREFUSED]: \n    at internalConnectMultiple (node:net:1139:18)\n    at afterConnectMultiple (node:net:1714:7)","timestamp":"2026-01-12T11:26:26.412Z"}
{"code":"ECONNREFUSED","level":"error","message":"Queue Redis Connection Error:","stack":"AggregateError [ECONNREFUSED]: \n    at internalConnectMultiple (node:net:1139:18)\n    at afterConnectMultiple (node:net:1714:7)","timestamp":"2026-01-12T11:26:28.426Z"}
{"code":"ECONNREFUSED","level":"error","message":"Queue Redis Connection Error:","stack":"AggregateError [ECONNREFUSED]: \n    at internalConnectMultiple (node:net:1139:18)\n    at afterConnectMultiple (node:net:1714:7)","timestamp":"2026-01-12T11:26:30.450Z"}
{"code":"ECONNREFUSED","level":"error","message":"Queue Redis Connection Error:","stack":"AggregateError [ECONNREFUSED]: \n    at internalConnectMultiple (node:net:1139:18)\n    at afterConnectMultiple (node:net:1714:7)","timestamp":"2026-01-12T11:26:32.474Z"}
{"code":"ECONNREFUSED","level":"error","message":"Queue Redis Connection Error:","stack":"AggregateError [ECONNREFUSED]: \n    at internalConnectMultiple (node:net:1139:18)\n    at afterConnectMultiple (node:net:1714:7)","timestamp":"2026-01-12T11:26:34.498Z"}
{"code":"ECONNREFUSED","level":"error","message":"Queue Redis Connection Error:","stack":"AggregateError [ECONNREFUSED]: \n    at internalConnectMultiple (node:net:1139:18)\n    at afterConnectMultiple (node:net:1714:7)","timestamp":"2026-01-12T11:26:36.514Z"}
{"code":"ECONNREFUSED","level":"error","message":"Queue Redis Connection Error:","stack":"AggregateError [ECONNREFUSED]: \n    at internalConnectMultiple (node:net:1139:18)\n    at afterConnectMultiple (node:net:1714:7)","timestamp":"2026-01-12T11:26:38.542Z"}
{"code":"ECONNREFUSED","level":"error","message":"Queue Redis Connection Error:","stack":"AggregateError [ECONNREFUSED]: \n    at internalConnectMultiple (node:net:1139:18)\n    at afterConnectMultiple (node:net:1714:7)","timestamp":"2026-01-12T11:26:40.560Z"}
{"code":"ECONNREFUSED","level":"error","message":"Queue Redis Connection Error:","stack":"AggregateError [ECONNREFUSED]: \n    at internalConnectMultiple (node:net:1139:18)\n    at afterConnectMultiple (node:net:1714:7)","timestamp":"2026-01-12T11:26:42.575Z"}
{"code":"ECONNREFUSED","level":"error","message":"Queue Redis Connection Error:","stack":"AggregateError [ECONNREFUSED]: \n    at internalConnectMultiple (node:net:1139:18)\n    at afterConnectMultiple (node:net:1714:7)","timestamp":"2026-01-12T11:26:44.594Z"}
{"code":"ECONNREFUSED","level":"error","message":"Queue Redis Connection Error:","stack":"AggregateError [ECONNREFUSED]: \n    at internalConnectMultiple (node:net:1139:18)\n    at afterConnectMultiple (node:net:1714:7)","timestamp":"2026-01-12T11:26:46.605Z"}
{"code":"ECONNREFUSED","level":"error","message":"Queue Redis Connection Error:","stack":"AggregateError [ECONNREFUSED]: \n    at internalConnectMultiple (node:net:1139:18)\n    at afterConnectMultiple (node:net:1714:7)","timestamp":"2026-01-12T11:26:48.627Z"}
{"code":"ECONNREFUSED","level":"error","message":"Queue Redis Connection Error:","stack":"AggregateError [ECONNREFUSED]: \n    at internalConnectMultiple (node:net:1139:18)\n    at afterConnectMultiple (node:net:1714:7)","timestamp":"2026-01-12T11:26:50.645Z"}
{"code":"ECONNREFUSED","level":"error","message":"Queue Redis Connection Error:","stack":"AggregateError [ECONNREFUSED]: \n    at internalConnectMultiple (node:net:1139:18)\n    at afterConnectMultiple (node:net:1714:7)","timestamp":"2026-01-12T11:26:52.655Z"}
{"code":"ECONNREFUSED","level":"error","message":"Queue Redis Connection Error:","stack":"AggregateError [ECONNREFUSED]: \n    at internalConnectMultiple (node:net:1139:18)\n    at afterConnectMultiple (node:net:1714:7)","timestamp":"2026-01-12T11:26:54.678Z"}
{"code":"ECONNREFUSED","level":"error","message":"Queue Redis Connection Error:","stack":"AggregateError [ECONNREFUSED]: \n    at internalConnectMultiple (node:net:1139:18)\n    at afterConnectMultiple (node:net:1714:7)","timestamp":"2026-01-12T11:26:56.699Z"}
{"code":"ECONNREFUSED","level":"error","message":"Queue Redis Connection Error:","stack":"AggregateError [ECONNREFUSED]: \n    at internalConnectMultiple (node:net:1139:18)\n    at afterConnectMultiple (node:net:1714:7)","timestamp":"2026-01-12T11:26:58.714Z"}
{"code":"ECONNREFUSED","level":"error","message":"Queue Redis Connection Error:","stack":"AggregateError [ECONNREFUSED]: \n    at internalConnectMultiple (node:net:1139:18)\n    at afterConnectMultiple (node:net:1714:7)","timestamp":"2026-01-12T11:27:00.732Z"}
{"code":"ECONNREFUSED","level":"error","message":"Queue Redis Connection Error:","stack":"AggregateError [ECONNREFUSED]: \n    at internalConnectMultiple (node:net:1139:18)\n    at afterConnectMultiple (node:net:1714:7)","timestamp":"2026-01-12T11:27:02.755Z"}
{"code":"ECONNREFUSED","level":"error","message":"Queue Redis Connection Error:","stack":"AggregateError [ECONNREFUSED]: \n    at internalConnectMultiple (node:net:1139:18)\n    at afterConnectMultiple (node:net:1714:7)","timestamp":"2026-01-12T11:27:04.775Z"}
{"code":"ECONNREFUSED","level":"error","message":"Queue Redis Connection Error:","stack":"AggregateError [ECONNREFUSED]: \n    at internalConnectMultiple (node:net:1139:18)\n    at afterConnectMultiple (node:net:1714:7)","timestamp":"2026-01-12T11:27:06.786Z"}
{"code":"ECONNREFUSED","level":"error","message":"Queue Redis Connection Error:","stack":"AggregateError [ECONNREFUSED]: \n    at internalConnectMultiple (node:net:1139:18)\n    at afterConnectMultiple (node:net:1714:7)","timestamp":"2026-01-12T11:27:08.806Z"}
{"code":"ECONNREFUSED","level":"error","message":"Queue Redis Connection Error:","stack":"AggregateError [ECONNREFUSED]: \n    at internalConnectMultiple (node:net:1139:18)\n    at afterConnectMultiple (node:net:1714:7)","timestamp":"2026-01-12T11:27:10.825Z"}
{"code":"ECONNREFUSED","level":"error","message":"Queue Redis Connection Error:","stack":"AggregateError [ECONNREFUSED]: \n    at internalConnectMultiple (node:net:1139:18)\n    at afterConnectMultiple (node:net:1714:7)","timestamp":"2026-01-12T11:27:12.837Z"}
{"code":"ECONNREFUSED","level":"error","message":"Queue Redis Connection Error:","stack":"AggregateError [ECONNREFUSED]: \n    at internalConnectMultiple (node:net:1139:18)\n    at afterConnectMultiple (node:net:1714:7)","timestamp":"2026-01-12T11:27:14.855Z"}
{"code":"ECONNREFUSED","level":"error","message":"Queue Redis Connection Error:","stack":"AggregateError [ECONNREFUSED]: \n    at internalConnectMultiple (node:net:1139:18)\n    at afterConnectMultiple (node:net:1714:7)","timestamp":"2026-01-12T11:27:16.872Z"}
{"code":"ECONNREFUSED","level":"error","message":"Queue Redis Connection Error:","stack":"AggregateError [ECONNREFUSED]: \n    at internalConnectMultiple (node:net:1139:18)\n    at afterConnectMultiple (node:net:1714:7)","timestamp":"2026-01-12T11:27:18.883Z"}
{"code":"ECONNREFUSED","level":"error","message":"Queue Redis Connection Error:","stack":"AggregateError [ECONNREFUSED]: \n    at internalConnectMultiple (node:net:1139:18)\n    at afterConnectMultiple (node:net:1714:7)","timestamp":"2026-01-12T11:27:20.919Z"}
{"code":"ECONNREFUSED","level":"error","message":"Queue Redis Connection Error:","stack":"AggregateError [ECONNREFUSED]: \n    at internalConnectMultiple (node:net:1139:18)\n    at afterConnectMultiple (node:net:1714:7)","timestamp":"2026-01-12T11:27:22.962Z"}
{"code":"ECONNREFUSED","level":"error","message":"Queue Redis Connection Error:","stack":"AggregateError [ECONNREFUSED]: \n    at internalConnectMultiple (node:net:1139:18)\n    at afterConnectMultiple (node:net:1714:7)","timestamp":"2026-01-12T11:27:24.981Z"}
{"code":"ECONNREFUSED","level":"error","message":"Queue Redis Connection Error:","stack":"AggregateError [ECONNREFUSED]: \n    at internalConnectMultiple (node:net:1139:18)\n    at afterConnectMultiple (node:net:1714:7)","timestamp":"2026-01-12T11:27:27.004Z"}
{"code":"ECONNREFUSED","level":"error","message":"Queue Redis Connection Error:","stack":"AggregateError [ECONNREFUSED]: \n    at internalConnectMultiple (node:net:1139:18)\n    at afterConnectMultiple (node:net:1714:7)","timestamp":"2026-01-12T11:27:29.022Z"}
{"code":"ECONNREFUSED","level":"error","message":"Queue Redis Connection Error:","stack":"AggregateError [ECONNREFUSED]: \n    at internalConnectMultiple (node:net:1139:18)\n    at afterConnectMultiple (node:net:1714:7)","timestamp":"2026-01-12T11:27:31.029Z"}
{"code":"ECONNREFUSED","level":"error","message":"Queue Redis Connection Error:","stack":"AggregateError [ECONNREFUSED]: \n    at internalConnectMultiple (node:net:1139:18)\n    at afterConnectMultiple (node:net:1714:7)","timestamp":"2026-01-12T11:27:33.042Z"}
{"code":"ECONNREFUSED","level":"error","message":"Queue Redis Connection Error:","stack":"AggregateError [ECONNREFUSED]: \n    at internalConnectMultiple (node:net:1139:18)\n    at afterConnectMultiple (node:net:1714:7)","timestamp":"2026-01-12T11:27:35.060Z"}
{"code":"ECONNREFUSED","level":"error","message":"Queue Redis Connection Error:","stack":"AggregateError [ECONNREFUSED]: \n    at internalConnectMultiple (node:net:1139:18)\n    at afterConnectMultiple (node:net:1714:7)","timestamp":"2026-01-12T11:27:37.075Z"}
{"code":"ECONNREFUSED","level":"error","message":"Queue Redis Connection Error:","stack":"AggregateError [ECONNREFUSED]: \n    at internalConnectMultiple (node:net:1139:18)\n    at afterConnectMultiple (node:net:1714:7)","timestamp":"2026-01-12T11:27:39.091Z"}
{"code":"ECONNREFUSED","level":"error","message":"Queue Redis Connection Error:","stack":"AggregateError [ECONNREFUSED]: \n    at internalConnectMultiple (node:net:1139:18)\n    at afterConnectMultiple (node:net:1714:7)","timestamp":"2026-01-12T11:27:41.109Z"}
{"code":"ECONNREFUSED","level":"error","message":"Queue Redis Connection Error:","stack":"AggregateError [ECONNREFUSED]: \n    at internalConnectMultiple (node:net:1139:18)\n    at afterConnectMultiple (node:net:1714:7)","timestamp":"2026-01-12T11:27:43.121Z"}
{"code":"ECONNREFUSED","level":"error","message":"Queue Redis Connection Error:","stack":"AggregateError [ECONNREFUSED]: \n    at internalConnectMultiple (node:net:1139:18)\n    at afterConnectMultiple (node:net:1714:7)","timestamp":"2026-01-12T11:27:45.136Z"}
{"code":"ECONNREFUSED","level":"error","message":"Queue Redis Connection Error:","stack":"AggregateError [ECONNREFUSED]: \n    at internalConnectMultiple (node:net:1139:18)\n    at afterConnectMultiple (node:net:1714:7)","timestamp":"2026-01-12T11:27:47.151Z"}
{"code":"ECONNREFUSED","level":"error","message":"Queue Redis Connection Error:","stack":"AggregateError [ECONNREFUSED]: \n    at internalConnectMultiple (node:net:1139:18)\n    at afterConnectMultiple (node:net:1714:7)","timestamp":"2026-01-12T11:27:49.172Z"}
{"code":"ECONNREFUSED","level":"error","message":"Queue Redis Connection Error:","stack":"AggregateError [ECONNREFUSED]: \n    at internalConnectMultiple (node:net:1139:18)\n    at afterConnectMultiple (node:net:1714:7)","timestamp":"2026-01-12T11:27:51.184Z"}
{"code":"ECONNREFUSED","level":"error","message":"Queue Redis Connection Error:","stack":"AggregateError [ECONNREFUSED]: \n    at internalConnectMultiple (node:net:1139:18)\n    at afterConnectMultiple (node:net:1714:7)","timestamp":"2026-01-12T11:27:53.193Z"}
{"code":"ECONNREFUSED","level":"error","message":"Queue Redis Connection Error:","stack":"AggregateError [ECONNREFUSED]: \n    at internalConnectMultiple (node:net:1139:18)\n    at afterConnectMultiple (node:net:1714:7)","timestamp":"2026-01-12T11:27:55.206Z"}
{"code":"ECONNREFUSED","level":"error","message":"Queue Redis Connection Error:","stack":"AggregateError [ECONNREFUSED]: \n    at internalConnectMultiple (node:net:1139:18)\n    at afterConnectMultiple (node:net:1714:7)","timestamp":"2026-01-12T11:27:57.227Z"}
{"code":"ECONNREFUSED","level":"error","message":"Queue Redis Connection Error:","stack":"AggregateError [ECONNREFUSED]: \n    at internalConnectMultiple (node:net:1139:18)\n    at afterConnectMultiple (node:net:1714:7)","timestamp":"2026-01-12T11:27:59.241Z"}
{"code":"ECONNREFUSED","level":"error","message":"Queue Redis Connection Error:","stack":"AggregateError [ECONNREFUSED]: \n    at internalConnectMultiple (node:net:1139:18)\n    at afterConnectMultiple (node:net:1714:7)","timestamp":"2026-01-12T11:28:01.266Z"}
{"code":"ECONNREFUSED","level":"error","message":"Queue Redis Connection Error:","stack":"AggregateError [ECONNREFUSED]: \n    at internalConnectMultiple (node:net:1139:18)\n    at afterConnectMultiple (node:net:1714:7)","timestamp":"2026-01-12T11:28:03.285Z"}
{"code":"ECONNREFUSED","level":"error","message":"Queue Redis Connection Error:","stack":"AggregateError [ECONNREFUSED]: \n    at internalConnectMultiple (node:net:1139:18)\n    at afterConnectMultiple (node:net:1714:7)","timestamp":"2026-01-12T11:28:05.306Z"}
{"code":"ECONNREFUSED","level":"error","message":"Queue Redis Connection Error:","stack":"AggregateError [ECONNREFUSED]: \n    at internalConnectMultiple (node:net:1139:18)\n    at afterConnectMultiple (node:net:1714:7)","timestamp":"2026-01-12T11:28:07.319Z"}
{"code":"ECONNREFUSED","level":"error","message":"Queue Redis Connection Error:","stack":"AggregateError [ECONNREFUSED]: \n    at internalConnectMultiple (node:net:1139:18)\n    at afterConnectMultiple (node:net:1714:7)","timestamp":"2026-01-12T11:28:09.329Z"}
{"code":"ECONNREFUSED","level":"error","message":"Queue Redis Connection Error:","stack":"AggregateError [ECONNREFUSED]: \n    at internalConnectMultiple (node:net:1139:18)\n    at afterConnectMultiple (node:net:1714:7)","timestamp":"2026-01-12T11:28:11.345Z"}
{"code":"ECONNREFUSED","level":"error","message":"Queue Redis Connection Error:","stack":"AggregateError [ECONNREFUSED]: \n    at internalConnectMultiple (node:net:1139:18)\n    at afterConnectMultiple (node:net:1714:7)","timestamp":"2026-01-12T11:28:13.356Z"}
{"code":"ECONNREFUSED","level":"error","message":"Queue Redis Connection Error:","stack":"AggregateError [ECONNREFUSED]: \n    at internalConnectMultiple (node:net:1139:18)\n    at afterConnectMultiple (node:net:1714:7)","timestamp":"2026-01-12T11:28:15.374Z"}
{"code":"ECONNREFUSED","level":"error","message":"Queue Redis Connection Error:","stack":"AggregateError [ECONNREFUSED]: \n    at internalConnectMultiple (node:net:1139:18)\n    at afterConnectMultiple (node:net:1714:7)","timestamp":"2026-01-12T11:28:17.396Z"}
{"code":"ECONNREFUSED","level":"error","message":"Queue Redis Connection Error:","stack":"AggregateError [ECONNREFUSED]: \n    at internalConnectMultiple (node:net:1139:18)\n    at afterConnectMultiple (node:net:1714:7)","timestamp":"2026-01-12T11:28:19.412Z"}
{"code":"ECONNREFUSED","level":"error","message":"Queue Redis Connection Error:","stack":"AggregateError [ECONNREFUSED]: \n    at internalConnectMultiple (node:net:1139:18)\n    at afterConnectMultiple (node:net:1714:7)","timestamp":"2026-01-12T11:28:21.422Z"}
{"code":"ECONNREFUSED","level":"error","message":"Queue Redis Connection Error:","stack":"AggregateError [ECONNREFUSED]: \n    at internalConnectMultiple (node:net:1139:18)\n    at afterConnectMultiple (node:net:1714:7)","timestamp":"2026-01-12T11:28:23.435Z"}
{"code":"ECONNREFUSED","level":"error","message":"Queue Redis Connection Error:","stack":"AggregateError [ECONNREFUSED]: \n    at internalConnectMultiple (node:net:1139:18)\n    at afterConnectMultiple (node:net:1714:7)","timestamp":"2026-01-12T11:28:25.455Z"}
{"code":"ECONNREFUSED","level":"error","message":"Queue Redis Connection Error:","stack":"AggregateError [ECONNREFUSED]: \n    at internalConnectMultiple (node:net:1139:18)\n    at afterConnectMultiple (node:net:1714:7)","timestamp":"2026-01-12T11:28:27.505Z"}
{"code":"ECONNREFUSED","level":"error","message":"Queue Redis Connection Error:","stack":"AggregateError [ECONNREFUSED]: \n    at internalConnectMultiple (node:net:1139:18)\n    at afterConnectMultiple (node:net:1714:7)","timestamp":"2026-01-12T11:28:29.512Z"}
{"code":"ECONNREFUSED","level":"error","message":"Queue Redis Connection Error:","stack":"AggregateError [ECONNREFUSED]: \n    at internalConnectMultiple (node:net:1139:18)\n    at afterConnectMultiple (node:net:1714:7)","timestamp":"2026-01-12T11:28:31.535Z"}
{"code":"ECONNREFUSED","level":"error","message":"Queue Redis Connection Error:","stack":"AggregateError [ECONNREFUSED]: \n    at internalConnectMultiple (node:net:1139:18)\n    at afterConnectMultiple (node:net:1714:7)","timestamp":"2026-01-12T11:28:33.554Z"}
{"code":"ECONNREFUSED","level":"error","message":"Queue Redis Connection Error:","stack":"AggregateError [ECONNREFUSED]: \n    at internalConnectMultiple (node:net:1139:18)\n    at afterConnectMultiple (node:net:1714:7)","timestamp":"2026-01-12T11:28:35.569Z"}
{"code":"ECONNREFUSED","level":"error","message":"Queue Redis Connection Error:","stack":"AggregateError [ECONNREFUSED]: \n    at internalConnectMultiple (node:net:1139:18)\n    at afterConnectMultiple (node:net:1714:7)","timestamp":"2026-01-12T11:28:37.604Z"}
{"code":"ECONNREFUSED","level":"error","message":"Queue Redis Connection Error:","stack":"AggregateError [ECONNREFUSED]: \n    at internalConnectMultiple (node:net:1139:18)\n    at afterConnectMultiple (node:net:1714:7)","timestamp":"2026-01-12T11:28:39.624Z"}
{"code":"ECONNREFUSED","level":"error","message":"Queue Redis Connection Error:","stack":"AggregateError [ECONNREFUSED]: \n    at internalConnectMultiple (node:net:1139:18)\n    at afterConnectMultiple (node:net:1714:7)","timestamp":"2026-01-12T11:28:41.670Z"}
{"code":"ECONNREFUSED","level":"error","message":"Queue Redis Connection Error:","stack":"AggregateError [ECONNREFUSED]: \n    at internalConnectMultiple (node:net:1139:18)\n    at afterConnectMultiple (node:net:1714:7)","timestamp":"2026-01-12T11:28:43.689Z"}
{"code":"ECONNREFUSED","level":"error","message":"Queue Redis Connection Error:","stack":"AggregateError [ECONNREFUSED]: \n    at internalConnectMultiple (node:net:1139:18)\n    at afterConnectMultiple (node:net:1714:7)","timestamp":"2026-01-12T11:28:45.711Z"}
{"code":"ECONNREFUSED","level":"error","message":"Queue Redis Connection Error:","stack":"AggregateError [ECONNREFUSED]: \n    at internalConnectMultiple (node:net:1139:18)\n    at afterConnectMultiple (node:net:1714:7)","timestamp":"2026-01-12T11:28:47.719Z"}
{"code":"ECONNREFUSED","level":"error","message":"Queue Redis Connection Error:","stack":"AggregateError [ECONNREFUSED]: \n    at internalConnectMultiple (node:net:1139:18)\n    at afterConnectMultiple (node:net:1714:7)","timestamp":"2026-01-12T11:28:49.730Z"}
{"code":"ECONNREFUSED","level":"error","message":"Queue Redis Connection Error:","stack":"AggregateError [ECONNREFUSED]: \n    at internalConnectMultiple (node:net:1139:18)\n    at afterConnectMultiple (node:net:1714:7)","timestamp":"2026-01-12T11:28:51.746Z"}
{"code":"ECONNREFUSED","level":"error","message":"Queue Redis Connection Error:","stack":"AggregateError [ECONNREFUSED]: \n    at internalConnectMultiple (node:net:1139:18)\n    at afterConnectMultiple (node:net:1714:7)","timestamp":"2026-01-12T11:28:53.756Z"}
{"code":"ECONNREFUSED","level":"error","message":"Queue Redis Connection Error:","stack":"AggregateError [ECONNREFUSED]: \n    at internalConnectMultiple (node:net:1139:18)\n    at afterConnectMultiple (node:net:1714:7)","timestamp":"2026-01-12T11:28:55.773Z"}
{"code":"ECONNREFUSED","level":"error","message":"Queue Redis Connection Error:","stack":"AggregateError [ECONNREFUSED]: \n    at internalConnectMultiple (node:net:1139:18)\n    at afterConnectMultiple (node:net:1714:7)","timestamp":"2026-01-12T11:28:57.798Z"}
{"code":"ECONNREFUSED","level":"error","message":"Queue Redis Connection Error:","stack":"AggregateError [ECONNREFUSED]: \n    at internalConnectMultiple (node:net:1139:18)\n    at afterConnectMultiple (node:net:1714:7)","timestamp":"2026-01-12T11:28:59.806Z"}
{"code":"ECONNREFUSED","level":"error","message":"Queue Redis Connection Error:","stack":"AggregateError [ECONNREFUSED]: \n    at internalConnectMultiple (node:net:1139:18)\n    at afterConnectMultiple (node:net:1714:7)","timestamp":"2026-01-12T11:29:01.824Z"}
{"code":"ECONNREFUSED","level":"error","message":"Queue Redis Connection Error:","stack":"AggregateError [ECONNREFUSED]: \n    at internalConnectMultiple (node:net:1139:18)\n    at afterConnectMultiple (node:net:1714:7)","timestamp":"2026-01-12T11:29:03.841Z"}
{"code":"ECONNREFUSED","level":"error","message":"Queue Redis Connection Error:","stack":"AggregateError [ECONNREFUSED]: \n    at internalConnectMultiple (node:net:1139:18)\n    at afterConnectMultiple (node:net:1714:7)","timestamp":"2026-01-12T11:29:05.859Z"}
{"code":"ECONNREFUSED","level":"error","message":"Queue Redis Connection Error:","stack":"AggregateError [ECONNREFUSED]: \n    at internalConnectMultiple (node:net:1139:18)\n    at afterConnectMultiple (node:net:1714:7)","timestamp":"2026-01-12T11:29:07.868Z"}
{"code":"ECONNREFUSED","level":"error","message":"Queue Redis Connection Error:","stack":"AggregateError [ECONNREFUSED]: \n    at internalConnectMultiple (node:net:1139:18)\n    at afterConnectMultiple (node:net:1714:7)","timestamp":"2026-01-12T11:29:09.888Z"}
{"code":"ECONNREFUSED","level":"error","message":"Queue Redis Connection Error:","stack":"AggregateError [ECONNREFUSED]: \n    at internalConnectMultiple (node:net:1139:18)\n    at afterConnectMultiple (node:net:1714:7)","timestamp":"2026-01-12T11:29:11.909Z"}
{"code":"ECONNREFUSED","level":"error","message":"Queue Redis Connection Error:","stack":"AggregateError [ECONNREFUSED]: \n    at internalConnectMultiple (node:net:1139:18)\n    at afterConnectMultiple (node:net:1714:7)","timestamp":"2026-01-12T11:29:13.926Z"}
{"code":"ECONNREFUSED","level":"error","message":"Queue Redis Connection Error:","stack":"AggregateError [ECONNREFUSED]: \n    at internalConnectMultiple (node:net:1139:18)\n    at afterConnectMultiple (node:net:1714:7)","timestamp":"2026-01-12T11:29:15.946Z"}
{"code":"ECONNREFUSED","level":"error","message":"Queue Redis Connection Error:","stack":"AggregateError [ECONNREFUSED]: \n    at internalConnectMultiple (node:net:1139:18)\n    at afterConnectMultiple (node:net:1714:7)","timestamp":"2026-01-12T11:29:17.958Z"}
{"code":"ECONNREFUSED","level":"error","message":"Queue Redis Connection Error:","stack":"AggregateError [ECONNREFUSED]: \n    at internalConnectMultiple (node:net:1139:18)\n    at afterConnectMultiple (node:net:1714:7)","timestamp":"2026-01-12T11:29:19.983Z"}
{"code":"ECONNREFUSED","level":"error","message":"Queue Redis Connection Error:","stack":"AggregateError [ECONNREFUSED]: \n    at internalConnectMultiple (node:net:1139:18)\n    at afterConnectMultiple (node:net:1714:7)","timestamp":"2026-01-12T11:29:21.997Z"}
{"code":"ECONNREFUSED","level":"error","message":"Queue Redis Connection Error:","stack":"AggregateError [ECONNREFUSED]: \n    at internalConnectMultiple (node:net:1139:18)\n    at afterConnectMultiple (node:net:1714:7)","timestamp":"2026-01-12T11:29:24.007Z"}
{"code":"ECONNREFUSED","level":"error","message":"Queue Redis Connection Error:","stack":"AggregateError [ECONNREFUSED]: \n    at internalConnectMultiple (node:net:1139:18)\n    at afterConnectMultiple (node:net:1714:7)","timestamp":"2026-01-12T11:29:26.021Z"}
{"code":"ECONNREFUSED","level":"error","message":"Queue Redis Connection Error:","stack":"AggregateError [ECONNREFUSED]: \n    at internalConnectMultiple (node:net:1139:18)\n    at afterConnectMultiple (node:net:1714:7)","timestamp":"2026-01-12T11:29:28.035Z"}
{"code":"ECONNREFUSED","level":"error","message":"Queue Redis Connection Error:","stack":"AggregateError [ECONNREFUSED]: \n    at internalConnectMultiple (node:net:1139:18)\n    at afterConnectMultiple (node:net:1714:7)","timestamp":"2026-01-12T11:29:30.042Z"}
{"code":"ECONNREFUSED","level":"error","message":"Queue Redis Connection Error:","stack":"AggregateError [ECONNREFUSED]: \n    at internalConnectMultiple (node:net:1139:18)\n    at afterConnectMultiple (node:net:1714:7)","timestamp":"2026-01-12T11:29:32.055Z"}
{"code":"ECONNREFUSED","level":"error","message":"Queue Redis Connection Error:","stack":"AggregateError [ECONNREFUSED]: \n    at internalConnectMultiple (node:net:1139:18)\n    at afterConnectMultiple (node:net:1714:7)","timestamp":"2026-01-12T11:29:34.066Z"}
{"code":"ECONNREFUSED","level":"error","message":"Queue Redis Connection Error:","stack":"AggregateError [ECONNREFUSED]: \n    at internalConnectMultiple (node:net:1139:18)\n    at afterConnectMultiple (node:net:1714:7)","timestamp":"2026-01-12T11:29:36.083Z"}
{"code":"ECONNREFUSED","level":"error","message":"Queue Redis Connection Error:","stack":"AggregateError [ECONNREFUSED]: \n    at internalConnectMultiple (node:net:1139:18)\n    at afterConnectMultiple (node:net:1714:7)","timestamp":"2026-01-12T11:29:38.096Z"}
{"code":"ECONNREFUSED","level":"error","message":"Queue Redis Connection Error:","stack":"AggregateError [ECONNREFUSED]: \n    at internalConnectMultiple (node:net:1139:18)\n    at afterConnectMultiple (node:net:1714:7)","timestamp":"2026-01-12T11:29:40.110Z"}
{"code":"ECONNREFUSED","level":"error","message":"Queue Redis Connection Error:","stack":"AggregateError [ECONNREFUSED]: \n    at internalConnectMultiple (node:net:1139:18)\n    at afterConnectMultiple (node:net:1714:7)","timestamp":"2026-01-12T11:29:42.151Z"}
{"code":"ECONNREFUSED","level":"error","message":"Queue Redis Connection Error:","stack":"AggregateError [ECONNREFUSED]: \n    at internalConnectMultiple (node:net:1139:18)\n    at afterConnectMultiple (node:net:1714:7)","timestamp":"2026-01-12T11:29:44.349Z"}
================================================================================
MongoDB Connection Configuration:
Using connection: Local MongoDB 💻
Connection string: mongodb://localhost:27017...
================================================================================
🔗 Connecting to Upstash Redis (HTTP)
{"level":"info","message":"🚀 Background Workers Started Successfully","timestamp":"2026-01-12T11:29:51.355Z"}
{"level":"info","message":"🛠️ Worker process is now running...","timestamp":"2026-01-12T11:29:51.378Z"}
